2014-02-19 14:59:00 Error: [MissingControllerException] Controller class PostsController could not be found.
Exception Attributes: array (
  'class' => 'PostsController',
  'plugin' => NULL,
)
Request URL: /cakeblog/Posts/index/
Stack Trace:
#0 C:\wamp\www\cakeblog\app\webroot\index.php(108): Dispatcher->dispatch(Object(CakeRequest), Object(CakeResponse))
#1 {main}
2014-02-19 15:00:35 Error: [MissingControllerException] Controller class PostsController could not be found.
Exception Attributes: array (
  'class' => 'PostsController',
  'plugin' => NULL,
)
Request URL: /cakeblog/Posts/index/
Stack Trace:
#0 C:\wamp\www\cakeblog\app\webroot\index.php(108): Dispatcher->dispatch(Object(CakeRequest), Object(CakeResponse))
#1 {main}
2014-02-19 15:00:36 Error: [MissingControllerException] Controller class PostsController could not be found.
Exception Attributes: array (
  'class' => 'PostsController',
  'plugin' => NULL,
)
Request URL: /cakeblog/Posts/index/
Stack Trace:
#0 C:\wamp\www\cakeblog\app\webroot\index.php(108): Dispatcher->dispatch(Object(CakeRequest), Object(CakeResponse))
#1 {main}
2014-02-19 15:16:41 Error: [MissingControllerException] Controller class ViewController could not be found.
Exception Attributes: array (
  'class' => 'ViewController',
  'plugin' => NULL,
)
Request URL: /cakeblog/View
Stack Trace:
#0 C:\wamp\www\cakeblog\app\webroot\index.php(108): Dispatcher->dispatch(Object(CakeRequest), Object(CakeResponse))
#1 {main}
2014-02-19 15:17:30 Error: [MissingControllerException] Controller class ViewController could not be found.
Exception Attributes: array (
  'class' => 'ViewController',
  'plugin' => NULL,
)
Request URL: /cakeblog/View
Stack Trace:
#0 C:\wamp\www\cakeblog\app\webroot\index.php(108): Dispatcher->dispatch(Object(CakeRequest), Object(CakeResponse))
#1 {main}
2014-02-19 15:17:30 Error: [MissingControllerException] Controller class ViewController could not be found.
Exception Attributes: array (
  'class' => 'ViewController',
  'plugin' => NULL,
)
Request URL: /cakeblog/View
Stack Trace:
#0 C:\wamp\www\cakeblog\app\webroot\index.php(108): Dispatcher->dispatch(Object(CakeRequest), Object(CakeResponse))
#1 {main}
2014-02-19 15:19:07 Error: [MissingViewException] View file "C:\wamp\www\cakeblog\app\View\Posts\view.ctp" is missing.
Exception Attributes: array (
  'file' => 'C:\\wamp\\www\\cakeblog\\app\\View\\Posts\\view.ctp',
)
Request URL: /cakeblog/posts/view/1
Stack Trace:
#0 C:\wamp\www\cakeblog\lib\Cake\View\View.php(457): View->_getViewFileName(NULL)
#1 C:\wamp\www\cakeblog\lib\Cake\Controller\Controller.php(952): View->render(NULL, NULL)
#2 C:\wamp\www\cakeblog\lib\Cake\Routing\Dispatcher.php(192): Controller->render()
#3 C:\wamp\www\cakeblog\lib\Cake\Routing\Dispatcher.php(160): Dispatcher->_invoke(Object(PostsController), Object(CakeRequest), Object(CakeResponse))
#4 C:\wamp\www\cakeblog\app\webroot\index.php(108): Dispatcher->dispatch(Object(CakeRequest), Object(CakeResponse))
#5 {main}
2014-02-26 14:34:15 Error: Fatal Error (4): syntax error, unexpected T_PUBLIC in [C:\wamp\www\cakeblog\app\Controller\PostsController.php, line 10]
2014-02-26 14:34:15 Error: [FatalErrorException] syntax error, unexpected T_PUBLIC
Request URL: /cakeblog/posts/view/1
Stack Trace:
#0 C:\wamp\www\cakeblog\lib\Cake\Error\ErrorHandler.php(203): ErrorHandler::handleFatalError(4, 'syntax error, u...', 'C:\wamp\www\cak...', 10)
#1 [internal function]: ErrorHandler::handleError(4, 'syntax error, u...', 'C:\wamp\www\cak...', 10, Array)
#2 C:\wamp\www\cakeblog\lib\Cake\Core\App.php(929): call_user_func('ErrorHandler::h...', 4, 'syntax error, u...', 'C:\wamp\www\cak...', 10, Array)
#3 C:\wamp\www\cakeblog\lib\Cake\Core\App.php(902): App::_checkFatalError()
#4 [internal function]: App::shutdown()
#5 {main}
2014-03-06 14:32:48 Error: [MissingControllerException] Controller class ModelController could not be found.
Exception Attributes: array (
  'class' => 'ModelController',
  'plugin' => NULL,
)
Request URL: /cakeblog/Model
Stack Trace:
#0 C:\wamp\www\cakeblog\app\webroot\index.php(108): Dispatcher->dispatch(Object(CakeRequest), Object(CakeResponse))
#1 {main}
2014-03-06 14:33:13 Error: [MissingControllerException] Controller class ViewController could not be found.
Exception Attributes: array (
  'class' => 'ViewController',
  'plugin' => NULL,
)
Request URL: /cakeblog/view
Stack Trace:
#0 C:\wamp\www\cakeblog\app\webroot\index.php(108): Dispatcher->dispatch(Object(CakeRequest), Object(CakeResponse))
#1 {main}
2014-03-06 14:33:35 Error: [MissingControllerException] Controller class ModelController could not be found.
Exception Attributes: array (
  'class' => 'ModelController',
  'plugin' => NULL,
)
Request URL: /cakeblog/Model
Stack Trace:
#0 C:\wamp\www\cakeblog\app\webroot\index.php(108): Dispatcher->dispatch(Object(CakeRequest), Object(CakeResponse))
#1 {main}
2014-03-06 14:35:01 Error: [MissingControllerException] Controller class ViewController could not be found.
Exception Attributes: array (
  'class' => 'ViewController',
  'plugin' => NULL,
)
Request URL: /cakeblog/view/users/add
Stack Trace:
#0 C:\wamp\www\cakeblog\app\webroot\index.php(108): Dispatcher->dispatch(Object(CakeRequest), Object(CakeResponse))
#1 {main}
2014-03-06 14:38:12 Error: [MissingControllerException] Controller class ModelController could not be found.
Exception Attributes: array (
  'class' => 'ModelController',
  'plugin' => NULL,
)
Request URL: /cakeblog/model/user
Stack Trace:
#0 C:\wamp\www\cakeblog\app\webroot\index.php(108): Dispatcher->dispatch(Object(CakeRequest), Object(CakeResponse))
#1 {main}
2014-03-06 14:39:21 Error: [MissingActionException] Action AppController::model() could not be found.
Exception Attributes: array (
  'controller' => 'AppController',
  'action' => 'model',
)
Request URL: /cakeblog/app/model/User
Stack Trace:
#0 C:\wamp\www\cakeblog\lib\Cake\Routing\Dispatcher.php(185): Controller->invokeAction(Object(CakeRequest))
#1 C:\wamp\www\cakeblog\lib\Cake\Routing\Dispatcher.php(160): Dispatcher->_invoke(Object(AppController), Object(CakeRequest), Object(CakeResponse))
#2 C:\wamp\www\cakeblog\app\webroot\index.php(108): Dispatcher->dispatch(Object(CakeRequest), Object(CakeResponse))
#3 {main}
2014-03-06 14:40:22 Error: [MissingActionException] Action AppController::model() could not be found.
Exception Attributes: array (
  'controller' => 'AppController',
  'action' => 'model',
)
Request URL: /cakeblog/app/model/User.php
Stack Trace:
#0 C:\wamp\www\cakeblog\lib\Cake\Routing\Dispatcher.php(185): Controller->invokeAction(Object(CakeRequest))
#1 C:\wamp\www\cakeblog\lib\Cake\Routing\Dispatcher.php(160): Dispatcher->_invoke(Object(AppController), Object(CakeRequest), Object(CakeResponse))
#2 C:\wamp\www\cakeblog\app\webroot\index.php(108): Dispatcher->dispatch(Object(CakeRequest), Object(CakeResponse))
#3 {main}
2014-03-06 14:41:05 Error: [MissingActionException] Action AppController::model() could not be found.
Exception Attributes: array (
  'controller' => 'AppController',
  'action' => 'model',
)
Request URL: /cakeblog/app/model/User.php
Stack Trace:
#0 C:\wamp\www\cakeblog\lib\Cake\Routing\Dispatcher.php(185): Controller->invokeAction(Object(CakeRequest))
#1 C:\wamp\www\cakeblog\lib\Cake\Routing\Dispatcher.php(160): Dispatcher->_invoke(Object(AppController), Object(CakeRequest), Object(CakeResponse))
#2 C:\wamp\www\cakeblog\app\webroot\index.php(108): Dispatcher->dispatch(Object(CakeRequest), Object(CakeResponse))
#3 {main}
2014-03-06 14:41:05 Error: [MissingActionException] Action AppController::model() could not be found.
Exception Attributes: array (
  'controller' => 'AppController',
  'action' => 'model',
)
Request URL: /cakeblog/app/model/User.php
Stack Trace:
#0 C:\wamp\www\cakeblog\lib\Cake\Routing\Dispatcher.php(185): Controller->invokeAction(Object(CakeRequest))
#1 C:\wamp\www\cakeblog\lib\Cake\Routing\Dispatcher.php(160): Dispatcher->_invoke(Object(AppController), Object(CakeRequest), Object(CakeResponse))
#2 C:\wamp\www\cakeblog\app\webroot\index.php(108): Dispatcher->dispatch(Object(CakeRequest), Object(CakeResponse))
#3 {main}
2014-03-06 14:41:08 Error: [MissingActionException] Action AppController::model() could not be found.
Exception Attributes: array (
  'controller' => 'AppController',
  'action' => 'model',
)
Request URL: /cakeblog/app/model/User.php
Stack Trace:
#0 C:\wamp\www\cakeblog\lib\Cake\Routing\Dispatcher.php(185): Controller->invokeAction(Object(CakeRequest))
#1 C:\wamp\www\cakeblog\lib\Cake\Routing\Dispatcher.php(160): Dispatcher->_invoke(Object(AppController), Object(CakeRequest), Object(CakeResponse))
#2 C:\wamp\www\cakeblog\app\webroot\index.php(108): Dispatcher->dispatch(Object(CakeRequest), Object(CakeResponse))
#3 {main}
2014-03-06 14:41:08 Error: [MissingActionException] Action AppController::model() could not be found.
Exception Attributes: array (
  'controller' => 'AppController',
  'action' => 'model',
)
Request URL: /cakeblog/app/model/User.php
Stack Trace:
#0 C:\wamp\www\cakeblog\lib\Cake\Routing\Dispatcher.php(185): Controller->invokeAction(Object(CakeRequest))
#1 C:\wamp\www\cakeblog\lib\Cake\Routing\Dispatcher.php(160): Dispatcher->_invoke(Object(AppController), Object(CakeRequest), Object(CakeResponse))
#2 C:\wamp\www\cakeblog\app\webroot\index.php(108): Dispatcher->dispatch(Object(CakeRequest), Object(CakeResponse))
#3 {main}
2014-03-06 14:46:07 Error: [MissingViewException] View file "C:\wamp\www\cakeblog\app\View\Users\index.ctp" is missing.
Exception Attributes: array (
  'file' => 'C:\\wamp\\www\\cakeblog\\app\\View\\Users\\index.ctp',
)
Request URL: /cakeblog/users
Stack Trace:
#0 C:\wamp\www\cakeblog\lib\Cake\View\View.php(457): View->_getViewFileName(NULL)
#1 C:\wamp\www\cakeblog\lib\Cake\Controller\Controller.php(952): View->render(NULL, NULL)
#2 C:\wamp\www\cakeblog\lib\Cake\Routing\Dispatcher.php(192): Controller->render()
#3 C:\wamp\www\cakeblog\lib\Cake\Routing\Dispatcher.php(160): Dispatcher->_invoke(Object(UsersController), Object(CakeRequest), Object(CakeResponse))
#4 C:\wamp\www\cakeblog\app\webroot\index.php(108): Dispatcher->dispatch(Object(CakeRequest), Object(CakeResponse))
#5 {main}
2014-03-08 02:30:31 Error: [MissingViewException] View file "C:\wamp\www\cakeblog\app\View\Users\index.ctp" is missing.
Exception Attributes: array (
  'file' => 'C:\\wamp\\www\\cakeblog\\app\\View\\Users\\index.ctp',
)
Request URL: /cakeblog/users
Stack Trace:
#0 C:\wamp\www\cakeblog\lib\Cake\View\View.php(457): View->_getViewFileName(NULL)
#1 C:\wamp\www\cakeblog\lib\Cake\Controller\Controller.php(952): View->render(NULL, NULL)
#2 C:\wamp\www\cakeblog\lib\Cake\Routing\Dispatcher.php(192): Controller->render()
#3 C:\wamp\www\cakeblog\lib\Cake\Routing\Dispatcher.php(160): Dispatcher->_invoke(Object(UsersController), Object(CakeRequest), Object(CakeResponse))
#4 C:\wamp\www\cakeblog\app\webroot\index.php(108): Dispatcher->dispatch(Object(CakeRequest), Object(CakeResponse))
#5 {main}
2014-03-08 02:51:04 Error: [MissingViewException] View file "C:\wamp\www\cakeblog\app\View\Users\add.ctp" is missing.
Exception Attributes: array (
  'file' => 'C:\\wamp\\www\\cakeblog\\app\\View\\Users\\add.ctp',
)
Request URL: /cakeblog/users/add
Stack Trace:
#0 C:\wamp\www\cakeblog\lib\Cake\View\View.php(457): View->_getViewFileName(NULL)
#1 C:\wamp\www\cakeblog\lib\Cake\Controller\Controller.php(952): View->render(NULL, NULL)
#2 C:\wamp\www\cakeblog\lib\Cake\Routing\Dispatcher.php(192): Controller->render()
#3 C:\wamp\www\cakeblog\lib\Cake\Routing\Dispatcher.php(160): Dispatcher->_invoke(Object(UsersController), Object(CakeRequest), Object(CakeResponse))
#4 C:\wamp\www\cakeblog\app\webroot\index.php(108): Dispatcher->dispatch(Object(CakeRequest), Object(CakeResponse))
#5 {main}
2014-03-08 14:10:20 Error: [MethodNotAllowedException] Method Not Allowed
Request URL: /cakeblog/users/delete/1
Stack Trace:
#0 C:\wamp\www\cakeblog\app\Controller\UsersController.php(77): CakeRequest->onlyAllow('post')
#1 [internal function]: UsersController->delete('1')
#2 C:\wamp\www\cakeblog\lib\Cake\Controller\Controller.php(490): ReflectionMethod->invokeArgs(Object(UsersController), Array)
#3 C:\wamp\www\cakeblog\lib\Cake\Routing\Dispatcher.php(185): Controller->invokeAction(Object(CakeRequest))
#4 C:\wamp\www\cakeblog\lib\Cake\Routing\Dispatcher.php(160): Dispatcher->_invoke(Object(UsersController), Object(CakeRequest), Object(CakeResponse))
#5 C:\wamp\www\cakeblog\app\webroot\index.php(108): Dispatcher->dispatch(Object(CakeRequest), Object(CakeResponse))
#6 {main}
2014-03-08 14:12:09 Error: [MissingViewException] View file "C:\wamp\www\cakeblog\app\View\Users\view.ctp" is missing.
Exception Attributes: array (
  'file' => 'C:\\wamp\\www\\cakeblog\\app\\View\\Users\\view.ctp',
)
Request URL: /cakeblog/users/view/1
Stack Trace:
#0 C:\wamp\www\cakeblog\lib\Cake\View\View.php(457): View->_getViewFileName(NULL)
#1 C:\wamp\www\cakeblog\lib\Cake\Controller\Controller.php(952): View->render(NULL, NULL)
#2 C:\wamp\www\cakeblog\lib\Cake\Routing\Dispatcher.php(192): Controller->render()
#3 C:\wamp\www\cakeblog\lib\Cake\Routing\Dispatcher.php(160): Dispatcher->_invoke(Object(UsersController), Object(CakeRequest), Object(CakeResponse))
#4 C:\wamp\www\cakeblog\app\webroot\index.php(108): Dispatcher->dispatch(Object(CakeRequest), Object(CakeResponse))
#5 {main}
2014-03-08 14:39:15 Error: [NotFoundException] Invalid user
Request URL: /cakeblog/users/view
Stack Trace:
#0 [internal function]: UsersController->view()
#1 C:\wamp\www\cakeblog\lib\Cake\Controller\Controller.php(490): ReflectionMethod->invokeArgs(Object(UsersController), Array)
#2 C:\wamp\www\cakeblog\lib\Cake\Routing\Dispatcher.php(185): Controller->invokeAction(Object(CakeRequest))
#3 C:\wamp\www\cakeblog\lib\Cake\Routing\Dispatcher.php(160): Dispatcher->_invoke(Object(UsersController), Object(CakeRequest), Object(CakeResponse))
#4 C:\wamp\www\cakeblog\app\webroot\index.php(108): Dispatcher->dispatch(Object(CakeRequest), Object(CakeResponse))
#5 {main}
2014-03-08 14:39:21 Error: [NotFoundException] Invalid user
Request URL: /cakeblog/users/view/1
Stack Trace:
#0 [internal function]: UsersController->view('1')
#1 C:\wamp\www\cakeblog\lib\Cake\Controller\Controller.php(490): ReflectionMethod->invokeArgs(Object(UsersController), Array)
#2 C:\wamp\www\cakeblog\lib\Cake\Routing\Dispatcher.php(185): Controller->invokeAction(Object(CakeRequest))
#3 C:\wamp\www\cakeblog\lib\Cake\Routing\Dispatcher.php(160): Dispatcher->_invoke(Object(UsersController), Object(CakeRequest), Object(CakeResponse))
#4 C:\wamp\www\cakeblog\app\webroot\index.php(108): Dispatcher->dispatch(Object(CakeRequest), Object(CakeResponse))
#5 {main}
2014-03-08 14:39:31 Error: [NotFoundException] Invalid user
Request URL: /cakeblog/users/view
Stack Trace:
#0 [internal function]: UsersController->view()
#1 C:\wamp\www\cakeblog\lib\Cake\Controller\Controller.php(490): ReflectionMethod->invokeArgs(Object(UsersController), Array)
#2 C:\wamp\www\cakeblog\lib\Cake\Routing\Dispatcher.php(185): Controller->invokeAction(Object(CakeRequest))
#3 C:\wamp\www\cakeblog\lib\Cake\Routing\Dispatcher.php(160): Dispatcher->_invoke(Object(UsersController), Object(CakeRequest), Object(CakeResponse))
#4 C:\wamp\www\cakeblog\app\webroot\index.php(108): Dispatcher->dispatch(Object(CakeRequest), Object(CakeResponse))
#5 {main}
2014-03-08 14:48:24 Error: [NotFoundException] Invalid user
Request URL: /cakeblog/users/view/1
Stack Trace:
#0 [internal function]: UsersController->view('1')
#1 C:\wamp\www\cakeblog\lib\Cake\Controller\Controller.php(490): ReflectionMethod->invokeArgs(Object(UsersController), Array)
#2 C:\wamp\www\cakeblog\lib\Cake\Routing\Dispatcher.php(185): Controller->invokeAction(Object(CakeRequest))
#3 C:\wamp\www\cakeblog\lib\Cake\Routing\Dispatcher.php(160): Dispatcher->_invoke(Object(UsersController), Object(CakeRequest), Object(CakeResponse))
#4 C:\wamp\www\cakeblog\app\webroot\index.php(108): Dispatcher->dispatch(Object(CakeRequest), Object(CakeResponse))
#5 {main}
2014-03-08 14:50:23 Error: [NotFoundException] Invalid user
Request URL: /cakeblog/users/view/1
Stack Trace:
#0 [internal function]: UsersController->view('1')
#1 C:\wamp\www\cakeblog\lib\Cake\Controller\Controller.php(490): ReflectionMethod->invokeArgs(Object(UsersController), Array)
#2 C:\wamp\www\cakeblog\lib\Cake\Routing\Dispatcher.php(185): Controller->invokeAction(Object(CakeRequest))
#3 C:\wamp\www\cakeblog\lib\Cake\Routing\Dispatcher.php(160): Dispatcher->_invoke(Object(UsersController), Object(CakeRequest), Object(CakeResponse))
#4 C:\wamp\www\cakeblog\app\webroot\index.php(108): Dispatcher->dispatch(Object(CakeRequest), Object(CakeResponse))
#5 {main}
2014-03-08 15:08:22 Error: [NotFoundException] Invalid user
Request URL: /cakeblog/users/view/
Stack Trace:
#0 [internal function]: UsersController->view()
#1 C:\wamp\www\cakeblog\lib\Cake\Controller\Controller.php(490): ReflectionMethod->invokeArgs(Object(UsersController), Array)
#2 C:\wamp\www\cakeblog\lib\Cake\Routing\Dispatcher.php(185): Controller->invokeAction(Object(CakeRequest))
#3 C:\wamp\www\cakeblog\lib\Cake\Routing\Dispatcher.php(160): Dispatcher->_invoke(Object(UsersController), Object(CakeRequest), Object(CakeResponse))
#4 C:\wamp\www\cakeblog\app\webroot\index.php(108): Dispatcher->dispatch(Object(CakeRequest), Object(CakeResponse))
#5 {main}
2014-03-08 15:08:28 Error: [NotFoundException] Invalid user
Request URL: /cakeblog/users/view
Stack Trace:
#0 [internal function]: UsersController->view()
#1 C:\wamp\www\cakeblog\lib\Cake\Controller\Controller.php(490): ReflectionMethod->invokeArgs(Object(UsersController), Array)
#2 C:\wamp\www\cakeblog\lib\Cake\Routing\Dispatcher.php(185): Controller->invokeAction(Object(CakeRequest))
#3 C:\wamp\www\cakeblog\lib\Cake\Routing\Dispatcher.php(160): Dispatcher->_invoke(Object(UsersController), Object(CakeRequest), Object(CakeResponse))
#4 C:\wamp\www\cakeblog\app\webroot\index.php(108): Dispatcher->dispatch(Object(CakeRequest), Object(CakeResponse))
#5 {main}
2014-03-11 02:36:07 Error: [MethodNotAllowedException] Method Not Allowed
Request URL: /cakeblog/users/delete/2
Stack Trace:
#0 C:\wamp\www\cakeblog\app\Controller\UsersController.php(70): CakeRequest->onlyAllow('post')
#1 [internal function]: UsersController->delete('2')
#2 C:\wamp\www\cakeblog\lib\Cake\Controller\Controller.php(490): ReflectionMethod->invokeArgs(Object(UsersController), Array)
#3 C:\wamp\www\cakeblog\lib\Cake\Routing\Dispatcher.php(185): Controller->invokeAction(Object(CakeRequest))
#4 C:\wamp\www\cakeblog\lib\Cake\Routing\Dispatcher.php(160): Dispatcher->_invoke(Object(UsersController), Object(CakeRequest), Object(CakeResponse))
#5 C:\wamp\www\cakeblog\app\webroot\index.php(108): Dispatcher->dispatch(Object(CakeRequest), Object(CakeResponse))
#6 {main}
2014-03-11 02:53:04 Error: [MissingActionException] Action UsersController::3() could not be found.
Exception Attributes: array (
  'controller' => 'UsersController',
  'action' => '3',
)
Request URL: /cakeblog/users/3
Stack Trace:
#0 C:\wamp\www\cakeblog\lib\Cake\Routing\Dispatcher.php(185): Controller->invokeAction(Object(CakeRequest))
#1 C:\wamp\www\cakeblog\lib\Cake\Routing\Dispatcher.php(160): Dispatcher->_invoke(Object(UsersController), Object(CakeRequest), Object(CakeResponse))
#2 C:\wamp\www\cakeblog\app\webroot\index.php(108): Dispatcher->dispatch(Object(CakeRequest), Object(CakeResponse))
#3 {main}
2014-03-11 13:33:02 Error: Fatal Error (4): syntax error, unexpected ',' in [C:\wamp\www\cakeblog\app\View\Posts\index.ctp, line 43]
2014-03-11 13:33:02 Error: [FatalErrorException] syntax error, unexpected ','
Request URL: /cakeblog/
Stack Trace:
#0 C:\wamp\www\cakeblog\lib\Cake\Error\ErrorHandler.php(203): ErrorHandler::handleFatalError(4, 'syntax error, u...', 'C:\wamp\www\cak...', 43)
#1 [internal function]: ErrorHandler::handleError(4, 'syntax error, u...', 'C:\wamp\www\cak...', 43, Array)
#2 C:\wamp\www\cakeblog\lib\Cake\Core\App.php(929): call_user_func('ErrorHandler::h...', 4, 'syntax error, u...', 'C:\wamp\www\cak...', 43, Array)
#3 C:\wamp\www\cakeblog\lib\Cake\Core\App.php(902): App::_checkFatalError()
#4 [internal function]: App::shutdown()
#5 {main}
2014-03-11 13:33:02 Error: [FatalErrorException] syntax error, unexpected ','
Request URL: /cakeblog/
Stack Trace:
#0 C:\wamp\www\cakeblog\lib\Cake\Error\ErrorHandler.php(203): ErrorHandler::handleFatalError(4, 'syntax error, u...', 'C:\wamp\www\cak...', 43)
#1 [internal function]: ErrorHandler::handleError(4, 'syntax error, u...', 'C:\wamp\www\cak...', 43, Array)
#2 C:\wamp\www\cakeblog\lib\Cake\Core\App.php(929): call_user_func('ErrorHandler::h...', 4, 'syntax error, u...', 'C:\wamp\www\cak...', 43, Array)
#3 C:\wamp\www\cakeblog\lib\Cake\Core\App.php(902): App::_checkFatalError()
#4 [internal function]: App::shutdown()
#5 {main}
2014-03-11 13:34:29 Error: Fatal Error (4): syntax error, unexpected ';' in [C:\wamp\www\cakeblog\app\View\Posts\index.ctp, line 43]
2014-03-11 13:34:29 Error: Fatal Error (4): syntax error, unexpected ';' in [C:\wamp\www\cakeblog\app\View\Posts\index.ctp, line 43]
2014-03-11 13:34:29 Error: [FatalErrorException] syntax error, unexpected ';'
Request URL: /cakeblog/
Stack Trace:
#0 C:\wamp\www\cakeblog\lib\Cake\Error\ErrorHandler.php(203): ErrorHandler::handleFatalError(4, 'syntax error, u...', 'C:\wamp\www\cak...', 43)
#1 [internal function]: ErrorHandler::handleError(4, 'syntax error, u...', 'C:\wamp\www\cak...', 43, Array)
#2 C:\wamp\www\cakeblog\lib\Cake\Core\App.php(929): call_user_func('ErrorHandler::h...', 4, 'syntax error, u...', 'C:\wamp\www\cak...', 43, Array)
#3 C:\wamp\www\cakeblog\lib\Cake\Core\App.php(902): App::_checkFatalError()
#4 [internal function]: App::shutdown()
#5 {main}
2014-03-11 13:34:29 Error: [FatalErrorException] syntax error, unexpected ';'
Request URL: /cakeblog/
Stack Trace:
#0 C:\wamp\www\cakeblog\lib\Cake\Error\ErrorHandler.php(203): ErrorHandler::handleFatalError(4, 'syntax error, u...', 'C:\wamp\www\cak...', 43)
#1 [internal function]: ErrorHandler::handleError(4, 'syntax error, u...', 'C:\wamp\www\cak...', 43, Array)
#2 C:\wamp\www\cakeblog\lib\Cake\Core\App.php(929): call_user_func('ErrorHandler::h...', 4, 'syntax error, u...', 'C:\wamp\www\cak...', 43, Array)
#3 C:\wamp\www\cakeblog\lib\Cake\Core\App.php(902): App::_checkFatalError()
#4 [internal function]: App::shutdown()
#5 {main}
2014-03-11 13:34:31 Error: Fatal Error (4): syntax error, unexpected ';' in [C:\wamp\www\cakeblog\app\View\Posts\index.ctp, line 43]
2014-03-11 13:34:31 Error: Fatal Error (4): syntax error, unexpected ';' in [C:\wamp\www\cakeblog\app\View\Posts\index.ctp, line 43]
2014-03-11 13:34:31 Error: [FatalErrorException] syntax error, unexpected ';'
Request URL: /cakeblog/
Stack Trace:
#0 C:\wamp\www\cakeblog\lib\Cake\Error\ErrorHandler.php(203): ErrorHandler::handleFatalError(4, 'syntax error, u...', 'C:\wamp\www\cak...', 43)
#1 [internal function]: ErrorHandler::handleError(4, 'syntax error, u...', 'C:\wamp\www\cak...', 43, Array)
#2 C:\wamp\www\cakeblog\lib\Cake\Core\App.php(929): call_user_func('ErrorHandler::h...', 4, 'syntax error, u...', 'C:\wamp\www\cak...', 43, Array)
#3 C:\wamp\www\cakeblog\lib\Cake\Core\App.php(902): App::_checkFatalError()
#4 [internal function]: App::shutdown()
#5 {main}
2014-03-11 13:34:31 Error: [FatalErrorException] syntax error, unexpected ';'
Request URL: /cakeblog/
Stack Trace:
#0 C:\wamp\www\cakeblog\lib\Cake\Error\ErrorHandler.php(203): ErrorHandler::handleFatalError(4, 'syntax error, u...', 'C:\wamp\www\cak...', 43)
#1 [internal function]: ErrorHandler::handleError(4, 'syntax error, u...', 'C:\wamp\www\cak...', 43, Array)
#2 C:\wamp\www\cakeblog\lib\Cake\Core\App.php(929): call_user_func('ErrorHandler::h...', 4, 'syntax error, u...', 'C:\wamp\www\cak...', 43, Array)
#3 C:\wamp\www\cakeblog\lib\Cake\Core\App.php(902): App::_checkFatalError()
#4 [internal function]: App::shutdown()
#5 {main}
2014-03-11 13:35:02 Error: Fatal Error (4): syntax error, unexpected ';' in [C:\wamp\www\cakeblog\app\View\Posts\index.ctp, line 43]
2014-03-11 13:35:02 Error: Fatal Error (4): syntax error, unexpected ';' in [C:\wamp\www\cakeblog\app\View\Posts\index.ctp, line 43]
2014-03-11 13:35:02 Error: [FatalErrorException] syntax error, unexpected ';'
Request URL: /cakeblog/
Stack Trace:
#0 C:\wamp\www\cakeblog\lib\Cake\Error\ErrorHandler.php(203): ErrorHandler::handleFatalError(4, 'syntax error, u...', 'C:\wamp\www\cak...', 43)
#1 [internal function]: ErrorHandler::handleError(4, 'syntax error, u...', 'C:\wamp\www\cak...', 43, Array)
#2 C:\wamp\www\cakeblog\lib\Cake\Core\App.php(929): call_user_func('ErrorHandler::h...', 4, 'syntax error, u...', 'C:\wamp\www\cak...', 43, Array)
#3 C:\wamp\www\cakeblog\lib\Cake\Core\App.php(902): App::_checkFatalError()
#4 [internal function]: App::shutdown()
#5 {main}
2014-03-11 13:35:02 Error: [FatalErrorException] syntax error, unexpected ';'
Request URL: /cakeblog/
Stack Trace:
#0 C:\wamp\www\cakeblog\lib\Cake\Error\ErrorHandler.php(203): ErrorHandler::handleFatalError(4, 'syntax error, u...', 'C:\wamp\www\cak...', 43)
#1 [internal function]: ErrorHandler::handleError(4, 'syntax error, u...', 'C:\wamp\www\cak...', 43, Array)
#2 C:\wamp\www\cakeblog\lib\Cake\Core\App.php(929): call_user_func('ErrorHandler::h...', 4, 'syntax error, u...', 'C:\wamp\www\cak...', 43, Array)
#3 C:\wamp\www\cakeblog\lib\Cake\Core\App.php(902): App::_checkFatalError()
#4 [internal function]: App::shutdown()
#5 {main}
2014-03-11 13:35:49 Error: Fatal Error (4): syntax error, unexpected ';' in [C:\wamp\www\cakeblog\app\View\Posts\index.ctp, line 43]
2014-03-11 13:35:49 Error: [FatalErrorException] syntax error, unexpected ';'
Request URL: /cakeblog/
Stack Trace:
#0 C:\wamp\www\cakeblog\lib\Cake\Error\ErrorHandler.php(203): ErrorHandler::handleFatalError(4, 'syntax error, u...', 'C:\wamp\www\cak...', 43)
#1 [internal function]: ErrorHandler::handleError(4, 'syntax error, u...', 'C:\wamp\www\cak...', 43, Array)
#2 C:\wamp\www\cakeblog\lib\Cake\Core\App.php(929): call_user_func('ErrorHandler::h...', 4, 'syntax error, u...', 'C:\wamp\www\cak...', 43, Array)
#3 C:\wamp\www\cakeblog\lib\Cake\Core\App.php(902): App::_checkFatalError()
#4 [internal function]: App::shutdown()
#5 {main}
2014-03-11 13:35:49 Error: Fatal Error (4): syntax error, unexpected ';' in [C:\wamp\www\cakeblog\app\View\Posts\index.ctp, line 43]
2014-03-11 13:35:49 Error: [FatalErrorException] syntax error, unexpected ';'
Request URL: /cakeblog/
Stack Trace:
#0 C:\wamp\www\cakeblog\lib\Cake\Error\ErrorHandler.php(203): ErrorHandler::handleFatalError(4, 'syntax error, u...', 'C:\wamp\www\cak...', 43)
#1 [internal function]: ErrorHandler::handleError(4, 'syntax error, u...', 'C:\wamp\www\cak...', 43, Array)
#2 C:\wamp\www\cakeblog\lib\Cake\Core\App.php(929): call_user_func('ErrorHandler::h...', 4, 'syntax error, u...', 'C:\wamp\www\cak...', 43, Array)
#3 C:\wamp\www\cakeblog\lib\Cake\Core\App.php(902): App::_checkFatalError()
#4 [internal function]: App::shutdown()
#5 {main}
2014-03-11 13:35:51 Error: Fatal Error (4): syntax error, unexpected ';' in [C:\wamp\www\cakeblog\app\View\Posts\index.ctp, line 43]
2014-03-11 13:35:51 Error: [FatalErrorException] syntax error, unexpected ';'
Request URL: /cakeblog/
Stack Trace:
#0 C:\wamp\www\cakeblog\lib\Cake\Error\ErrorHandler.php(203): ErrorHandler::handleFatalError(4, 'syntax error, u...', 'C:\wamp\www\cak...', 43)
#1 [internal function]: ErrorHandler::handleError(4, 'syntax error, u...', 'C:\wamp\www\cak...', 43, Array)
#2 C:\wamp\www\cakeblog\lib\Cake\Core\App.php(929): call_user_func('ErrorHandler::h...', 4, 'syntax error, u...', 'C:\wamp\www\cak...', 43, Array)
#3 C:\wamp\www\cakeblog\lib\Cake\Core\App.php(902): App::_checkFatalError()
#4 [internal function]: App::shutdown()
#5 {main}
2014-03-11 13:35:51 Error: Fatal Error (4): syntax error, unexpected ';' in [C:\wamp\www\cakeblog\app\View\Posts\index.ctp, line 43]
2014-03-11 13:35:51 Error: [FatalErrorException] syntax error, unexpected ';'
Request URL: /cakeblog/
Stack Trace:
#0 C:\wamp\www\cakeblog\lib\Cake\Error\ErrorHandler.php(203): ErrorHandler::handleFatalError(4, 'syntax error, u...', 'C:\wamp\www\cak...', 43)
#1 [internal function]: ErrorHandler::handleError(4, 'syntax error, u...', 'C:\wamp\www\cak...', 43, Array)
#2 C:\wamp\www\cakeblog\lib\Cake\Core\App.php(929): call_user_func('ErrorHandler::h...', 4, 'syntax error, u...', 'C:\wamp\www\cak...', 43, Array)
#3 C:\wamp\www\cakeblog\lib\Cake\Core\App.php(902): App::_checkFatalError()
#4 [internal function]: App::shutdown()
#5 {main}
2014-03-11 13:36:08 Error: Fatal Error (4): syntax error, unexpected ';' in [C:\wamp\www\cakeblog\app\View\Posts\index.ctp, line 43]
2014-03-11 13:36:08 Error: [FatalErrorException] syntax error, unexpected ';'
Request URL: /cakeblog/
Stack Trace:
#0 C:\wamp\www\cakeblog\lib\Cake\Error\ErrorHandler.php(203): ErrorHandler::handleFatalError(4, 'syntax error, u...', 'C:\wamp\www\cak...', 43)
#1 [internal function]: ErrorHandler::handleError(4, 'syntax error, u...', 'C:\wamp\www\cak...', 43, Array)
#2 C:\wamp\www\cakeblog\lib\Cake\Core\App.php(929): call_user_func('ErrorHandler::h...', 4, 'syntax error, u...', 'C:\wamp\www\cak...', 43, Array)
#3 C:\wamp\www\cakeblog\lib\Cake\Core\App.php(902): App::_checkFatalError()
#4 [internal function]: App::shutdown()
#5 {main}
2014-03-11 13:40:05 Error: [MissingActionException] Action PostsController::logout() could not be found.
Exception Attributes: array (
  'controller' => 'PostsController',
  'action' => 'logout',
)
Request URL: /cakeblog/posts/logout
Stack Trace:
#0 C:\wamp\www\cakeblog\lib\Cake\Routing\Dispatcher.php(185): Controller->invokeAction(Object(CakeRequest))
#1 C:\wamp\www\cakeblog\lib\Cake\Routing\Dispatcher.php(160): Dispatcher->_invoke(Object(PostsController), Object(CakeRequest), Object(CakeResponse))
#2 C:\wamp\www\cakeblog\app\webroot\index.php(108): Dispatcher->dispatch(Object(CakeRequest), Object(CakeResponse))
#3 {main}
